TN:
SF:src/App.ts
FN:37,<instance_members_initializer>
FN:40,App
FN:47,addCard
FN:62,removeCard
FN:75,saveChanges
FN:85,modifyCard
FN:130,showCollection
FN:144,getCards
FNF:8
FNH:7
FNDA:10,<instance_members_initializer>
FNDA:10,App
FNDA:4,addCard
FNDA:11,removeCard
FNDA:0,saveChanges
FNDA:3,modifyCard
FNDA:1,showCollection
FNDA:6,getCards
DA:1,1
DA:2,1
DA:3,1
DA:4,1
DA:5,1
DA:6,1
DA:7,1
DA:8,1
DA:9,1
DA:10,1
DA:11,1
DA:12,1
DA:13,1
DA:14,1
DA:15,1
DA:16,1
DA:17,1
DA:18,1
DA:19,1
DA:20,1
DA:21,1
DA:22,1
DA:23,1
DA:24,1
DA:25,1
DA:26,1
DA:27,1
DA:28,1
DA:29,1
DA:30,1
DA:31,1
DA:32,1
DA:33,1
DA:34,1
DA:35,1
DA:36,1
DA:37,1
DA:38,10
DA:39,10
DA:40,10
DA:41,10
DA:42,10
DA:43,10
DA:44,10
DA:45,10
DA:46,10
DA:47,10
DA:48,4
DA:49,4
DA:50,0
DA:51,0
DA:52,0
DA:53,4
DA:54,4
DA:55,4
DA:56,4
DA:57,10
DA:58,10
DA:59,10
DA:60,10
DA:61,10
DA:62,10
DA:63,11
DA:64,11
DA:65,7
DA:66,7
DA:67,7
DA:68,4
DA:69,4
DA:70,4
DA:71,10
DA:72,10
DA:73,10
DA:74,10
DA:75,10
DA:76,0
DA:77,0
DA:78,10
DA:79,10
DA:80,10
DA:81,10
DA:82,10
DA:83,10
DA:84,10
DA:85,10
DA:86,3
DA:87,3
DA:88,0
DA:89,0
DA:90,0
DA:91,3
DA:92,0
DA:93,0
DA:94,3
DA:95,1
DA:96,1
DA:97,3
DA:98,1
DA:99,1
DA:100,3
DA:101,1
DA:102,1
DA:103,3
DA:104,0
DA:105,0
DA:106,3
DA:107,0
DA:108,0
DA:109,3
DA:110,0
DA:111,0
DA:112,3
DA:113,0
DA:114,0
DA:115,3
DA:116,0
DA:117,0
DA:118,3
DA:119,0
DA:120,0
DA:121,3
DA:122,0
DA:123,0
DA:124,3
DA:125,3
DA:126,10
DA:127,10
DA:128,10
DA:129,10
DA:130,10
DA:131,1
DA:132,1
DA:133,1
DA:134,1
DA:135,1
DA:136,1
DA:137,1
DA:138,1
DA:139,10
DA:140,10
DA:141,10
DA:142,10
DA:143,10
DA:144,10
DA:145,6
DA:146,6
DA:147,10
LF:147
LH:123
BRDA:37,0,0,10
BRDA:40,1,0,10
BRDA:47,2,0,4
BRDA:49,3,0,0
BRDA:62,4,0,11
BRDA:64,5,0,7
BRDA:68,6,0,4
BRDA:63,7,0,15
BRDA:85,8,0,3
BRDA:87,9,0,0
BRDA:91,10,0,0
BRDA:94,11,0,1
BRDA:97,12,0,1
BRDA:100,13,0,1
BRDA:103,14,0,0
BRDA:106,15,0,0
BRDA:109,16,0,0
BRDA:112,17,0,0
BRDA:115,18,0,0
BRDA:118,19,0,0
BRDA:121,20,0,0
BRDA:86,21,0,6
BRDA:130,22,0,1
BRDA:144,23,0,6
BRF:24
BRH:14
end_of_record
TN:
SF:src/Card.ts
FN:50,<instance_members_initializer>
FN:51,Card
FN:60,get id
FN:67,set id
FN:74,get name
FN:81,set name
FN:88,get manaCost
FN:95,set manaCost
FN:102,get color
FN:109,set color
FN:116,get type
FN:123,set type
FN:130,get rarity
FN:137,set rarity
FN:144,get rulesText
FN:151,set rulesText
FN:158,get marketValue
FN:165,set marketValue
FN:172,toString
FNF:19
FNH:19
FNDA:43,<instance_members_initializer>
FNDA:43,Card
FNDA:38,get id
FNDA:2,set id
FNDA:8,get name
FNDA:3,set name
FNDA:6,get manaCost
FNDA:3,set manaCost
FNDA:6,get color
FNDA:3,set color
FNDA:5,get type
FNDA:2,set type
FNDA:5,get rarity
FNDA:2,set rarity
FNDA:5,get rulesText
FNDA:2,set rulesText
FNDA:5,get marketValue
FNDA:2,set marketValue
FNDA:4,toString
DA:1,1
DA:2,1
DA:3,1
DA:4,1
DA:5,1
DA:6,1
DA:7,1
DA:8,1
DA:9,1
DA:10,1
DA:11,1
DA:12,1
DA:13,1
DA:14,1
DA:15,1
DA:16,1
DA:17,1
DA:18,1
DA:19,1
DA:20,1
DA:21,1
DA:22,1
DA:23,1
DA:24,1
DA:25,1
DA:26,1
DA:27,1
DA:28,1
DA:29,1
DA:30,1
DA:31,1
DA:32,1
DA:33,1
DA:34,1
DA:35,1
DA:36,1
DA:37,1
DA:38,1
DA:39,1
DA:40,1
DA:41,1
DA:42,1
DA:43,1
DA:44,1
DA:45,1
DA:46,1
DA:47,1
DA:48,1
DA:49,1
DA:50,1
DA:51,43
DA:52,43
DA:53,43
DA:54,43
DA:55,43
DA:56,43
DA:57,43
DA:58,43
DA:59,43
DA:60,43
DA:61,38
DA:62,38
DA:63,43
DA:64,43
DA:65,43
DA:66,43
DA:67,43
DA:68,2
DA:69,2
DA:70,43
DA:71,43
DA:72,43
DA:73,43
DA:74,43
DA:75,8
DA:76,8
DA:77,43
DA:78,43
DA:79,43
DA:80,43
DA:81,43
DA:82,3
DA:83,3
DA:84,43
DA:85,43
DA:86,43
DA:87,43
DA:88,43
DA:89,6
DA:90,6
DA:91,43
DA:92,43
DA:93,43
DA:94,43
DA:95,43
DA:96,3
DA:97,3
DA:98,43
DA:99,43
DA:100,43
DA:101,43
DA:102,43
DA:103,6
DA:104,6
DA:105,43
DA:106,43
DA:107,43
DA:108,43
DA:109,43
DA:110,3
DA:111,3
DA:112,43
DA:113,43
DA:114,43
DA:115,43
DA:116,43
DA:117,5
DA:118,5
DA:119,43
DA:120,43
DA:121,43
DA:122,43
DA:123,43
DA:124,2
DA:125,2
DA:126,43
DA:127,43
DA:128,43
DA:129,43
DA:130,43
DA:131,5
DA:132,5
DA:133,43
DA:134,43
DA:135,43
DA:136,43
DA:137,43
DA:138,2
DA:139,2
DA:140,43
DA:141,43
DA:142,43
DA:143,43
DA:144,43
DA:145,5
DA:146,5
DA:147,43
DA:148,43
DA:149,43
DA:150,43
DA:151,43
DA:152,2
DA:153,2
DA:154,43
DA:155,43
DA:156,43
DA:157,43
DA:158,43
DA:159,5
DA:160,5
DA:161,43
DA:162,43
DA:163,43
DA:164,43
DA:165,43
DA:166,2
DA:167,2
DA:168,43
DA:169,43
DA:170,43
DA:171,43
DA:172,43
DA:173,4
DA:174,4
DA:175,43
LF:175
LH:175
BRDA:14,0,0,1
BRDA:27,1,0,1
BRDA:40,2,0,1
BRDA:50,3,0,43
BRDA:51,4,0,43
BRDA:60,5,0,38
BRDA:67,6,0,2
BRDA:74,7,0,8
BRDA:81,8,0,3
BRDA:88,9,0,6
BRDA:95,10,0,3
BRDA:102,11,0,6
BRDA:109,12,0,3
BRDA:116,13,0,5
BRDA:123,14,0,2
BRDA:130,15,0,5
BRDA:137,16,0,2
BRDA:144,17,0,5
BRDA:151,18,0,2
BRDA:158,19,0,5
BRDA:165,20,0,2
BRDA:172,21,0,4
BRF:22
BRH:22
end_of_record
TN:
SF:src/CardsCreaters.ts
FN:22,<instance_members_initializer>
FN:23,CardCreator
FN:32,createCard
FN:40,<instance_members_initializer>
FN:41,CreatureCardCreator
FN:48,createCard
FN:56,<instance_members_initializer>
FN:57,PlanesWalkerCardCreator
FN:64,createCard
FNF:9
FNH:9
FNDA:16,<instance_members_initializer>
FNDA:16,CardCreator
FNDA:2,createCard
FNDA:11,<instance_members_initializer>
FNDA:11,CreatureCardCreator
FNDA:11,createCard
FNDA:3,<instance_members_initializer>
FNDA:3,PlanesWalkerCardCreator
FNDA:3,createCard
DA:1,1
DA:2,1
DA:3,1
DA:4,1
DA:5,1
DA:6,1
DA:7,1
DA:8,1
DA:9,1
DA:10,1
DA:11,1
DA:12,1
DA:13,1
DA:14,1
DA:15,1
DA:16,1
DA:17,1
DA:18,1
DA:19,1
DA:20,1
DA:21,1
DA:22,1
DA:23,16
DA:24,16
DA:25,16
DA:26,16
DA:27,16
DA:28,16
DA:29,16
DA:30,16
DA:31,16
DA:32,16
DA:33,2
DA:34,2
DA:35,16
DA:36,1
DA:37,1
DA:38,1
DA:39,1
DA:40,1
DA:41,11
DA:42,11
DA:43,11
DA:44,11
DA:45,11
DA:46,11
DA:47,11
DA:48,11
DA:49,11
DA:50,11
DA:51,11
DA:52,1
DA:53,1
DA:54,1
DA:55,1
DA:56,1
DA:57,3
DA:58,3
DA:59,3
DA:60,3
DA:61,3
DA:62,3
DA:63,3
DA:64,3
DA:65,3
DA:66,3
DA:67,3
LF:67
LH:67
BRDA:22,0,0,16
BRDA:23,1,0,16
BRDA:32,2,0,2
BRDA:40,3,0,11
BRDA:41,4,0,11
BRDA:48,5,0,11
BRDA:56,6,0,3
BRDA:57,7,0,3
BRDA:64,8,0,3
BRF:9
BRH:9
end_of_record
TN:
SF:src/CreatureCard.ts
FN:15,<instance_members_initializer>
FN:16,CreatureCard
FN:22,get power
FN:28,set power
FN:34,get toughness
FN:41,set toughness
FN:45,toString
FNF:7
FNH:7
FNDA:17,<instance_members_initializer>
FNDA:17,CreatureCard
FNDA:2,get power
FNDA:1,set power
FNDA:2,get toughness
FNDA:1,set toughness
FNDA:2,toString
DA:1,1
DA:2,1
DA:3,1
DA:4,1
DA:5,1
DA:6,1
DA:7,1
DA:8,1
DA:9,1
DA:10,1
DA:11,1
DA:12,1
DA:13,1
DA:14,1
DA:15,1
DA:16,17
DA:17,17
DA:18,17
DA:19,17
DA:20,17
DA:21,17
DA:22,17
DA:23,2
DA:24,2
DA:25,17
DA:26,17
DA:27,17
DA:28,17
DA:29,1
DA:30,1
DA:31,17
DA:32,17
DA:33,17
DA:34,17
DA:35,2
DA:36,2
DA:37,17
DA:38,17
DA:39,17
DA:40,17
DA:41,17
DA:42,1
DA:43,1
DA:44,17
DA:45,17
DA:46,2
DA:47,2
DA:48,2
DA:49,17
LF:49
LH:49
BRDA:15,0,0,17
BRDA:16,1,0,17
BRDA:22,2,0,2
BRDA:28,3,0,1
BRDA:34,4,0,2
BRDA:41,5,0,1
BRDA:45,6,0,2
BRF:7
BRH:7
end_of_record
TN:
SF:src/Database.ts
FN:14,<static_initializer>
FN:16,Database
FN:22,getInstance
FN:34,getCardsbyUserName
FN:77,writeCards
FNF:5
FNH:5
FNDA:1,<static_initializer>
FNDA:1,Database
FNDA:13,getInstance
FNDA:12,getCardsbyUserName
FNDA:1,writeCards
DA:1,1
DA:2,1
DA:3,1
DA:4,1
DA:5,1
DA:6,1
DA:7,1
DA:8,1
DA:9,1
DA:10,1
DA:11,1
DA:12,1
DA:13,1
DA:14,1
DA:15,1
DA:16,1
DA:17,1
DA:18,1
DA:19,1
DA:20,1
DA:21,1
DA:22,1
DA:23,13
DA:24,1
DA:25,1
DA:26,13
DA:27,13
DA:28,1
DA:29,1
DA:30,1
DA:31,1
DA:32,1
DA:33,1
DA:34,1
DA:35,12
DA:36,12
DA:37,12
DA:38,12
DA:39,14
DA:40,14
DA:41,14
DA:42,14
DA:43,11
DA:44,11
DA:45,11
DA:46,11
DA:47,11
DA:48,14
DA:49,2
DA:50,2
DA:51,2
DA:52,2
DA:53,2
DA:54,14
DA:55,1
DA:56,1
DA:57,1
DA:58,1
DA:59,1
DA:60,14
DA:61,14
DA:62,14
DA:63,12
DA:64,0
DA:65,0
DA:66,0
DA:67,0
DA:68,12
DA:69,12
DA:70,1
DA:71,1
DA:72,1
DA:73,1
DA:74,1
DA:75,1
DA:76,1
DA:77,1
DA:78,1
DA:79,1
DA:80,1
DA:81,1
DA:82,1
DA:83,1
DA:84,1
DA:85,1
DA:86,1
DA:87,1
DA:88,0
DA:89,0
DA:90,1
DA:91,1
DA:92,0
DA:93,0
DA:94,1
DA:95,1
DA:96,1
LF:96
LH:88
BRDA:14,0,0,1
BRDA:16,1,0,1
BRDA:22,2,0,13
BRDA:23,3,0,1
BRDA:34,4,0,12
BRDA:38,5,0,14
BRDA:42,6,0,11
BRDA:48,7,0,2
BRDA:54,8,0,1
BRDA:63,9,0,0
BRDA:77,10,0,1
BRDA:91,11,0,0
BRDA:86,12,0,1
BRDA:87,13,0,0
BRDA:87,14,0,1
BRF:15
BRH:12
end_of_record
TN:
SF:src/PlanesWalkerCard.ts
FN:15,<instance_members_initializer>
FN:16,PlanesWalkerCard
FN:22,get loyaltyMarks
FN:28,set loyaltyMarks
FN:34,toString
FNF:5
FNH:5
FNDA:13,<instance_members_initializer>
FNDA:13,PlanesWalkerCard
FNDA:3,get loyaltyMarks
FNDA:1,set loyaltyMarks
FNDA:1,toString
DA:1,1
DA:2,1
DA:3,1
DA:4,1
DA:5,1
DA:6,1
DA:7,1
DA:8,1
DA:9,1
DA:10,1
DA:11,1
DA:12,1
DA:13,1
DA:14,1
DA:15,1
DA:16,13
DA:17,13
DA:18,13
DA:19,13
DA:20,13
DA:21,13
DA:22,13
DA:23,3
DA:24,3
DA:25,13
DA:26,13
DA:27,13
DA:28,13
DA:29,1
DA:30,1
DA:31,13
DA:32,13
DA:33,13
DA:34,13
DA:35,1
DA:36,1
DA:37,13
LF:37
LH:37
BRDA:15,0,0,13
BRDA:16,1,0,13
BRDA:22,2,0,3
BRDA:28,3,0,1
BRDA:34,4,0,1
BRF:5
BRH:5
end_of_record
TN:
SF:src/Modificacion/Process.ts
FN:12,<instance_members_initializer>
FN:16,Process
FN:20,run
FN:35,beforeProcesar
FN:40,afterProcesar
FN:45,get numElementos
FN:51,get capability
FN:57,get result
FNF:8
FNH:7
FNDA:12,<instance_members_initializer>
FNDA:12,Process
FNDA:12,run
FNDA:12,beforeProcesar
FNDA:0,afterProcesar
FNDA:2,get numElementos
FNDA:2,get capability
FNDA:2,get result
DA:1,1
DA:2,1
DA:3,1
DA:4,1
DA:5,1
DA:6,1
DA:7,1
DA:8,1
DA:9,1
DA:10,1
DA:11,1
DA:12,1
DA:13,12
DA:14,12
DA:15,12
DA:16,12
DA:17,12
DA:18,12
DA:19,12
DA:20,12
DA:21,12
DA:22,12
DA:23,12
DA:24,12
DA:25,12
DA:26,12
DA:27,12
DA:28,12
DA:29,12
DA:30,12
DA:31,12
DA:32,12
DA:33,12
DA:34,12
DA:35,12
DA:36,12
DA:37,12
DA:38,12
DA:39,12
DA:40,12
DA:41,12
DA:42,12
DA:43,12
DA:44,12
DA:45,12
DA:46,2
DA:47,2
DA:48,12
DA:49,12
DA:50,12
DA:51,12
DA:52,2
DA:53,2
DA:54,12
DA:55,12
DA:56,12
DA:57,12
DA:58,2
DA:59,2
DA:60,12
LF:60
LH:60
BRDA:12,0,0,12
BRDA:16,1,0,12
BRDA:20,2,0,12
BRDA:35,3,0,12
BRDA:45,4,0,2
BRDA:51,5,0,2
BRDA:57,6,0,2
BRF:7
BRH:7
end_of_record
TN:
SF:src/Modificacion/ProcessCsv.ts
FN:12,ProcessCsv
FN:20,procesar
FN:37,afterProcesar
FNF:3
FNH:3
FNDA:6,ProcessCsv
FNDA:7,procesar
FNDA:7,afterProcesar
DA:1,1
DA:2,1
DA:3,1
DA:4,1
DA:5,1
DA:6,1
DA:7,1
DA:8,1
DA:9,1
DA:10,1
DA:11,1
DA:12,1
DA:13,6
DA:14,6
DA:15,1
DA:16,1
DA:17,1
DA:18,1
DA:19,1
DA:20,1
DA:21,7
DA:22,7
DA:23,7
DA:24,7
DA:25,7
DA:26,7
DA:27,7
DA:28,7
DA:29,21
DA:30,21
DA:31,21
DA:32,21
DA:33,7
DA:34,7
DA:35,7
DA:36,7
DA:37,1
DA:38,7
DA:39,7
DA:40,1
DA:41,1
LF:41
LH:41
BRDA:12,0,0,6
BRDA:20,1,0,7
BRDA:28,2,0,21
BRDA:37,3,0,7
BRF:4
BRH:4
end_of_record
TN:
SF:src/Modificacion/ProcessJson.ts
FN:29,ProcessJson
FN:36,procesar
FN:52,afterProcesar
FNF:3
FNH:3
FNDA:6,ProcessJson
FNDA:7,procesar
FNDA:7,afterProcesar
DA:1,1
DA:2,1
DA:3,1
DA:4,1
DA:5,1
DA:6,1
DA:7,1
DA:8,1
DA:9,1
DA:10,1
DA:11,1
DA:12,1
DA:13,1
DA:14,1
DA:15,1
DA:16,1
DA:17,1
DA:18,1
DA:19,1
DA:20,1
DA:21,1
DA:22,1
DA:23,1
DA:24,1
DA:25,1
DA:26,1
DA:27,1
DA:28,1
DA:29,1
DA:30,6
DA:31,6
DA:32,1
DA:33,1
DA:34,1
DA:35,1
DA:36,1
DA:37,7
DA:38,7
DA:39,7
DA:40,7
DA:41,7
DA:42,7
DA:43,7
DA:44,7
DA:45,7
DA:46,21
DA:47,21
DA:48,7
DA:49,7
DA:50,7
DA:51,7
DA:52,1
DA:53,7
DA:54,7
DA:55,1
LF:55
LH:55
BRDA:29,0,0,6
BRDA:36,1,0,7
BRDA:45,2,0,21
BRDA:52,3,0,7
BRF:4
BRH:4
end_of_record
